* using log directory ‘/home/runner/work/BayesMallowsSMC2/BayesMallowsSMC2/BayesMallowsSMC2.Rcheck’
* using R version 4.3.3 (2024-02-29)
* using platform: x86_64-pc-linux-gnu (64-bit)
* R was compiled by
    gcc (Ubuntu 13.2.0-23ubuntu3) 13.2.0
    GNU Fortran (Ubuntu 13.2.0-23ubuntu3) 13.2.0
* running under: Ubuntu 24.04.3 LTS
* using session charset: UTF-8
* using options ‘--no-manual --no-build-vignettes’
* checking for file ‘BayesMallowsSMC2/DESCRIPTION’ ... OK
* checking extension type ... Package
* this is package ‘BayesMallowsSMC2’ version ‘0.1.1’
* package encoding: UTF-8
* checking package namespace information ... OK
* checking package dependencies ... NOTE
Package suggested but not available for checking: ‘label.switching’
* checking if this is a source package ... OK
* checking if there is a namespace ... OK
* checking for executable files ... OK
* checking for hidden files and directories ... OK
* checking for portable file names ... OK
* checking for sufficient/correct file permissions ... OK
* checking whether package ‘BayesMallowsSMC2’ can be installed ... OK
* used C++ compiler: ‘g++ (Ubuntu 13.3.0-6ubuntu2~24.04) 13.3.0’
* checking C++ specification ... OK
  Not all R platforms support C++17
* checking installed package size ... NOTE
  installed size is 12.8Mb
  sub-directories of 1Mb or more:
    libs  11.9Mb
* checking package directory ... OK
* checking DESCRIPTION meta-information ... OK
* checking top-level files ... OK
* checking for left-over files ... OK
* checking index information ... OK
* checking package subdirectories ... OK
* checking R files for non-ASCII characters ... OK
* checking R files for syntax errors ... OK
* checking whether the package can be loaded ... OK
* checking whether the package can be loaded with stated dependencies ... OK
* checking whether the package can be unloaded cleanly ... OK
* checking whether the namespace can be loaded with stated dependencies ... OK
* checking whether the namespace can be unloaded cleanly ... OK
* checking loading without being on the library search path ... OK
* checking dependencies in R code ... OK
* checking S3 generic/method consistency ... OK
* checking replacement functions ... OK
* checking foreign function calls ... OK
* checking R code for possible problems ... OK
* checking Rd files ... OK
* checking Rd metadata ... OK
* checking Rd cross-references ... OK
* checking for missing documentation entries ... OK
* checking for code/documentation mismatches ... OK
* checking Rd \usage sections ... OK
* checking Rd contents ... OK
* checking for unstated dependencies in examples ... OK
* checking contents of ‘data’ directory ... OK
* checking data for non-ASCII characters ... OK
* checking LazyData ... OK
* checking data for ASCII and uncompressed saves ... OK
* checking line endings in C/C++/Fortran sources/headers ... OK
* checking line endings in Makefiles ... OK
* checking compilation flags in Makevars ... OK
* checking for GNU extensions in Makefiles ... OK
* checking for portable use of $(BLAS_LIBS) and $(LAPACK_LIBS) ... OK
* checking use of PKG_*FLAGS in Makefiles ... OK
* checking compiled code ... OK
* checking examples ... OK
* checking for unstated dependencies in ‘tests’ ... OK
* checking tests ... ERROR
  Running ‘testthat.R’
Running the tests in ‘tests/testthat.R’ failed.
Last 13 lines of output:
  
  ══ Failed tests ════════════════════════════════════════════════════════════════
  ── Error ('test-compute_sequentially_mixtures.R:10:3'): Mixture models work ────
  <packageNotFoundError/error/condition>
  Error in `loadNamespace(x)`: there is no package called 'label.switching'
  Backtrace:
      ▆
   1. └─base::loadNamespace(x) at test-compute_sequentially_mixtures.R:10:3
   2.   └─base::withRestarts(stop(cond), retry_loadNamespace = function() NULL)
   3.     └─base (local) withOneRestart(expr, restarts[[1L]])
   4.       └─base (local) doWithOneRestart(return(expr), restart)
  
  [ FAIL 1 | WARN 0 | SKIP 0 | PASS 35 ]
  Error: Test failures
  Execution halted
* DONE
Status: 1 ERROR, 2 NOTEs
