* installing *source* package ‘BayesMallowsSMC2’ ...
** using staged installation
** libs
using C++ compiler: ‘g++ (Ubuntu 13.3.0-6ubuntu2~24.04) 13.3.0’
using C++17
g++ -std=gnu++17 -I"/usr/share/R/include" -DNDEBUG  -I'/usr/lib/R/site-library/Rcpp/include' -I'/usr/lib/R/site-library/RcppArmadillo/include'    -fopenmp -fpic  -g -O2 -fno-omit-frame-pointer -mno-omit-leaf-frame-pointer -ffile-prefix-map=/build/r-base-FPSnzf/r-base-4.3.3=. -fstack-protector-strong -fstack-clash-protection -Wformat -Werror=format-security -fcf-protection -fdebug-prefix-map=/build/r-base-FPSnzf/r-base-4.3.3=/usr/src/r-base-4.3.3-2build2 -Wdate-time -D_FORTIFY_SOURCE=3  -c RcppExports.cpp -o RcppExports.o
g++ -std=gnu++17 -I"/usr/share/R/include" -DNDEBUG  -I'/usr/lib/R/site-library/Rcpp/include' -I'/usr/lib/R/site-library/RcppArmadillo/include'    -fopenmp -fpic  -g -O2 -fno-omit-frame-pointer -mno-omit-leaf-frame-pointer -ffile-prefix-map=/build/r-base-FPSnzf/r-base-4.3.3=. -fstack-protector-strong -fstack-clash-protection -Wformat -Werror=format-security -fcf-protection -fdebug-prefix-map=/build/r-base-FPSnzf/r-base-4.3.3=/usr/src/r-base-4.3.3-2build2 -Wdate-time -D_FORTIFY_SOURCE=3  -c all_topological_sorts.cpp -o all_topological_sorts.o
g++ -std=gnu++17 -I"/usr/share/R/include" -DNDEBUG  -I'/usr/lib/R/site-library/Rcpp/include' -I'/usr/lib/R/site-library/RcppArmadillo/include'    -fopenmp -fpic  -g -O2 -fno-omit-frame-pointer -mno-omit-leaf-frame-pointer -ffile-prefix-map=/build/r-base-FPSnzf/r-base-4.3.3=. -fstack-protector-strong -fstack-clash-protection -Wformat -Werror=format-security -fcf-protection -fdebug-prefix-map=/build/r-base-FPSnzf/r-base-4.3.3=/usr/src/r-base-4.3.3-2build2 -Wdate-time -D_FORTIFY_SOURCE=3  -c data.cpp -o data.o
g++ -std=gnu++17 -I"/usr/share/R/include" -DNDEBUG  -I'/usr/lib/R/site-library/Rcpp/include' -I'/usr/lib/R/site-library/RcppArmadillo/include'    -fopenmp -fpic  -g -O2 -fno-omit-frame-pointer -mno-omit-leaf-frame-pointer -ffile-prefix-map=/build/r-base-FPSnzf/r-base-4.3.3=. -fstack-protector-strong -fstack-clash-protection -Wformat -Werror=format-security -fcf-protection -fdebug-prefix-map=/build/r-base-FPSnzf/r-base-4.3.3=/usr/src/r-base-4.3.3-2build2 -Wdate-time -D_FORTIFY_SOURCE=3  -c distances.cpp -o distances.o
g++ -std=gnu++17 -I"/usr/share/R/include" -DNDEBUG  -I'/usr/lib/R/site-library/Rcpp/include' -I'/usr/lib/R/site-library/RcppArmadillo/include'    -fopenmp -fpic  -g -O2 -fno-omit-frame-pointer -mno-omit-leaf-frame-pointer -ffile-prefix-map=/build/r-base-FPSnzf/r-base-4.3.3=. -fstack-protector-strong -fstack-clash-protection -Wformat -Werror=format-security -fcf-protection -fdebug-prefix-map=/build/r-base-FPSnzf/r-base-4.3.3=/usr/src/r-base-4.3.3-2build2 -Wdate-time -D_FORTIFY_SOURCE=3  -c misc.cpp -o misc.o
g++ -std=gnu++17 -I"/usr/share/R/include" -DNDEBUG  -I'/usr/lib/R/site-library/Rcpp/include' -I'/usr/lib/R/site-library/RcppArmadillo/include'    -fopenmp -fpic  -g -O2 -fno-omit-frame-pointer -mno-omit-leaf-frame-pointer -ffile-prefix-map=/build/r-base-FPSnzf/r-base-4.3.3=. -fstack-protector-strong -fstack-clash-protection -Wformat -Werror=format-security -fcf-protection -fdebug-prefix-map=/build/r-base-FPSnzf/r-base-4.3.3=/usr/src/r-base-4.3.3-2build2 -Wdate-time -D_FORTIFY_SOURCE=3  -c options.cpp -o options.o
g++ -std=gnu++17 -I"/usr/share/R/include" -DNDEBUG  -I'/usr/lib/R/site-library/Rcpp/include' -I'/usr/lib/R/site-library/RcppArmadillo/include'    -fopenmp -fpic  -g -O2 -fno-omit-frame-pointer -mno-omit-leaf-frame-pointer -ffile-prefix-map=/build/r-base-FPSnzf/r-base-4.3.3=. -fstack-protector-strong -fstack-clash-protection -Wformat -Werror=format-security -fcf-protection -fdebug-prefix-map=/build/r-base-FPSnzf/r-base-4.3.3=/usr/src/r-base-4.3.3-2build2 -Wdate-time -D_FORTIFY_SOURCE=3  -c parameter_tracer.cpp -o parameter_tracer.o
g++ -std=gnu++17 -I"/usr/share/R/include" -DNDEBUG  -I'/usr/lib/R/site-library/Rcpp/include' -I'/usr/lib/R/site-library/RcppArmadillo/include'    -fopenmp -fpic  -g -O2 -fno-omit-frame-pointer -mno-omit-leaf-frame-pointer -ffile-prefix-map=/build/r-base-FPSnzf/r-base-4.3.3=. -fstack-protector-strong -fstack-clash-protection -Wformat -Werror=format-security -fcf-protection -fdebug-prefix-map=/build/r-base-FPSnzf/r-base-4.3.3=/usr/src/r-base-4.3.3-2build2 -Wdate-time -D_FORTIFY_SOURCE=3  -c particle.cpp -o particle.o
g++ -std=gnu++17 -I"/usr/share/R/include" -DNDEBUG  -I'/usr/lib/R/site-library/Rcpp/include' -I'/usr/lib/R/site-library/RcppArmadillo/include'    -fopenmp -fpic  -g -O2 -fno-omit-frame-pointer -mno-omit-leaf-frame-pointer -ffile-prefix-map=/build/r-base-FPSnzf/r-base-4.3.3=. -fstack-protector-strong -fstack-clash-protection -Wformat -Werror=format-security -fcf-protection -fdebug-prefix-map=/build/r-base-FPSnzf/r-base-4.3.3=/usr/src/r-base-4.3.3-2build2 -Wdate-time -D_FORTIFY_SOURCE=3  -c partition_functions.cpp -o partition_functions.o
g++ -std=gnu++17 -I"/usr/share/R/include" -DNDEBUG  -I'/usr/lib/R/site-library/Rcpp/include' -I'/usr/lib/R/site-library/RcppArmadillo/include'    -fopenmp -fpic  -g -O2 -fno-omit-frame-pointer -mno-omit-leaf-frame-pointer -ffile-prefix-map=/build/r-base-FPSnzf/r-base-4.3.3=. -fstack-protector-strong -fstack-clash-protection -Wformat -Werror=format-security -fcf-protection -fdebug-prefix-map=/build/r-base-FPSnzf/r-base-4.3.3=/usr/src/r-base-4.3.3-2build2 -Wdate-time -D_FORTIFY_SOURCE=3  -c prior.cpp -o prior.o
g++ -std=gnu++17 -I"/usr/share/R/include" -DNDEBUG  -I'/usr/lib/R/site-library/Rcpp/include' -I'/usr/lib/R/site-library/RcppArmadillo/include'    -fopenmp -fpic  -g -O2 -fno-omit-frame-pointer -mno-omit-leaf-frame-pointer -ffile-prefix-map=/build/r-base-FPSnzf/r-base-4.3.3=. -fstack-protector-strong -fstack-clash-protection -Wformat -Werror=format-security -fcf-protection -fdebug-prefix-map=/build/r-base-FPSnzf/r-base-4.3.3=/usr/src/r-base-4.3.3-2build2 -Wdate-time -D_FORTIFY_SOURCE=3  -c progress_reporter.cpp -o progress_reporter.o
g++ -std=gnu++17 -I"/usr/share/R/include" -DNDEBUG  -I'/usr/lib/R/site-library/Rcpp/include' -I'/usr/lib/R/site-library/RcppArmadillo/include'    -fopenmp -fpic  -g -O2 -fno-omit-frame-pointer -mno-omit-leaf-frame-pointer -ffile-prefix-map=/build/r-base-FPSnzf/r-base-4.3.3=. -fstack-protector-strong -fstack-clash-protection -Wformat -Werror=format-security -fcf-protection -fdebug-prefix-map=/build/r-base-FPSnzf/r-base-4.3.3=/usr/src/r-base-4.3.3-2build2 -Wdate-time -D_FORTIFY_SOURCE=3  -c rejuvenate.cpp -o rejuvenate.o
g++ -std=gnu++17 -I"/usr/share/R/include" -DNDEBUG  -I'/usr/lib/R/site-library/Rcpp/include' -I'/usr/lib/R/site-library/RcppArmadillo/include'    -fopenmp -fpic  -g -O2 -fno-omit-frame-pointer -mno-omit-leaf-frame-pointer -ffile-prefix-map=/build/r-base-FPSnzf/r-base-4.3.3=. -fstack-protector-strong -fstack-clash-protection -Wformat -Werror=format-security -fcf-protection -fdebug-prefix-map=/build/r-base-FPSnzf/r-base-4.3.3=/usr/src/r-base-4.3.3-2build2 -Wdate-time -D_FORTIFY_SOURCE=3  -c resampler.cpp -o resampler.o
g++ -std=gnu++17 -I"/usr/share/R/include" -DNDEBUG  -I'/usr/lib/R/site-library/Rcpp/include' -I'/usr/lib/R/site-library/RcppArmadillo/include'    -fopenmp -fpic  -g -O2 -fno-omit-frame-pointer -mno-omit-leaf-frame-pointer -ffile-prefix-map=/build/r-base-FPSnzf/r-base-4.3.3=. -fstack-protector-strong -fstack-clash-protection -Wformat -Werror=format-security -fcf-protection -fdebug-prefix-map=/build/r-base-FPSnzf/r-base-4.3.3=/usr/src/r-base-4.3.3-2build2 -Wdate-time -D_FORTIFY_SOURCE=3  -c run_smc.cpp -o run_smc.o
g++ -std=gnu++17 -I"/usr/share/R/include" -DNDEBUG  -I'/usr/lib/R/site-library/Rcpp/include' -I'/usr/lib/R/site-library/RcppArmadillo/include'    -fopenmp -fpic  -g -O2 -fno-omit-frame-pointer -mno-omit-leaf-frame-pointer -ffile-prefix-map=/build/r-base-FPSnzf/r-base-4.3.3=. -fstack-protector-strong -fstack-clash-protection -Wformat -Werror=format-security -fcf-protection -fdebug-prefix-map=/build/r-base-FPSnzf/r-base-4.3.3=/usr/src/r-base-4.3.3-2build2 -Wdate-time -D_FORTIFY_SOURCE=3  -c sample_latent_rankings.cpp -o sample_latent_rankings.o
g++ -std=gnu++17 -shared -L/usr/lib/R/lib -Wl,-Bsymbolic-functions -flto=auto -ffat-lto-objects -Wl,-z,relro -o BayesMallowsSMC2.so RcppExports.o all_topological_sorts.o data.o distances.o misc.o options.o parameter_tracer.o particle.o partition_functions.o prior.o progress_reporter.o rejuvenate.o resampler.o run_smc.o sample_latent_rankings.o -fopenmp -llapack -lblas -lgfortran -lm -lquadmath -L/usr/lib/R/lib -lR
installing to /home/runner/work/BayesMallowsSMC2/BayesMallowsSMC2/BayesMallowsSMC2.Rcheck/00LOCK-BayesMallowsSMC2/00new/BayesMallowsSMC2/libs
** R
** data
*** moving datasets to lazyload DB
** inst
** byte-compile and prepare package for lazy loading
** help
*** installing help indices
*** copying figures
** building package indices
** testing if installed package can be loaded from temporary location
** checking absolute paths in shared objects and dynamic libraries
** testing if installed package can be loaded from final location
** testing if installed package keeps a record of temporary installation path
* DONE (BayesMallowsSMC2)
